  game.cpp
E:\Cproject2020\Game\Project1\player.h(2,18): warning C4091: “extern ”: 没有声明变量时忽略“State”的左侧
E:\Cproject2020\Game\Project1\bossbullet.h(4,18): warning C4091: “extern ”: 没有声明变量时忽略“Boss”的左侧
E:\Cproject2020\Game\Project1\boss.h(4,18): warning C4091: “extern ”: 没有声明变量时忽略“State”的左侧
E:\Cproject2020\Game\Project1\game.cpp(84,20): warning C4244: “=”: 从“long”转换到“float”，可能丢失数据
E:\Cproject2020\Game\Project1\game.cpp(36,25): warning C4101: “tim3”: 未引用的局部变量
E:\Cproject2020\Game\Project1\game.cpp(163,20): warning C4244: “=”: 从“long”转换到“float”，可能丢失数据
E:\Cproject2020\Game\Project1\game.cpp(240,20): warning C4244: “=”: 从“long”转换到“float”，可能丢失数据
E:\Cproject2020\Game\Project1\game.cpp(289,27): warning C4244: “参数”: 从“float”转换到“int”，可能丢失数据
E:\Cproject2020\Game\Project1\game.cpp(289,17): warning C4244: “参数”: 从“float”转换到“int”，可能丢失数据
E:\Cproject2020\Game\Project1\game.cpp(290,30): warning C4244: “参数”: 从“float”转换到“int”，可能丢失数据
E:\Cproject2020\Game\Project1\game.cpp(290,17): warning C4244: “参数”: 从“float”转换到“int”，可能丢失数据
E:\Cproject2020\Game\Project1\game.cpp(298,53): warning C4244: “参数”: 从“float”转换到“int”，可能丢失数据
E:\Cproject2020\Game\Project1\game.cpp(298,37): warning C4244: “参数”: 从“float”转换到“int”，可能丢失数据
  正在生成代码
  2 of 104 functions ( 1.9%) were compiled, the rest were copied from previous compilation.
    0 functions were new in current compilation
    1 functions had inline decision re-evaluated but remain unchanged
  已完成代码的生成
  Project1.vcxproj -> E:\Cproject2020\Game\Project1\Release\Project1.exe
